app/build/intermediates/manifest_merge_blame_file/debug/manifest-merger-blame-debug-report.txt
1<?xml version="1.0" encoding="utf-8"?>
2<manifest xmlns:android="http://schemas.android.com/apk/res/android"
3    package="com.example.project_bank"
4    android:versionCode="1"
5    android:versionName="1.0" >
6
7    <uses-sdk
8        android:minSdkVersion="30"
8-->src\main\AndroidManifest.xml
9        android:targetSdkVersion="31" />
9-->src\main\AndroidManifest.xml
10
11    <uses-permission android:name="android.permission.INTERNET" />
11-->src\main\AndroidManifest.xml:5:5-66
11-->src\main\AndroidManifest.xml:5:22-64
12
13    <!-- Although the *SdkVersion is captured in gradle build files, this is required for non gradle builds -->
14    <!-- <uses-sdk android:minSdkVersion="14"/> -->
15    <uses-permission android:name="android.permission.ACCESS_NETWORK_STATE" />
15-->[com.google.firebase:firebase-database:20.2.0] AndroidManifest.xml:24:5-79
15-->[com.google.firebase:firebase-database:20.2.0] AndroidManifest.xml:24:22-76
16
17    <application
17-->src\main\AndroidManifest.xml:7:5-37:19
18        android:allowBackup="true"
18-->src\main\AndroidManifest.xml:8:9-35
19        android:appComponentFactory="androidx.core.app.CoreComponentFactory"
19-->[androidx.core:core:1.8.0] AndroidManifest.xml:24:18-86
20        android:dataExtractionRules="@xml/data_extraction_rules"
20-->src\main\AndroidManifest.xml:9:9-65
21        android:debuggable="true"
22        android:extractNativeLibs="false"
23        android:fullBackupContent="@xml/backup_rules"
23-->src\main\AndroidManifest.xml:10:9-54
24        android:icon="@mipmap/ic_launcher"
24-->src\main\AndroidManifest.xml:11:9-43
25        android:label="@string/app_name"
25-->src\main\AndroidManifest.xml:12:9-41
26        android:supportsRtl="true"
26-->src\main\AndroidManifest.xml:13:9-35
27        android:testOnly="true"
28        android:theme="@style/Theme.Project_bank" >
28-->src\main\AndroidManifest.xml:14:9-50
29        <activity
29-->src\main\AndroidManifest.xml:16:9-18:40
30            android:name="com.example.project_bank.update_transaction"
30-->src\main\AndroidManifest.xml:17:13-47
31            android:exported="false" />
31-->src\main\AndroidManifest.xml:18:13-37
32        <activity
32-->src\main\AndroidManifest.xml:19:9-21:40
33            android:name="com.example.project_bank.activity_add_bank_account"
33-->src\main\AndroidManifest.xml:20:13-54
34            android:exported="false" />
34-->src\main\AndroidManifest.xml:21:13-37
35        <activity
35-->src\main\AndroidManifest.xml:22:9-24:40
36            android:name="com.example.project_bank.add_transaction"
36-->src\main\AndroidManifest.xml:23:13-44
37            android:exported="false" />
37-->src\main\AndroidManifest.xml:24:13-37
38        <activity
38-->src\main\AndroidManifest.xml:25:9-27:40
39            android:name="com.example.project_bank.transaction_view"
39-->src\main\AndroidManifest.xml:26:13-45
40            android:exported="false" />
40-->src\main\AndroidManifest.xml:27:13-37
41        <activity
41-->src\main\AndroidManifest.xml:28:9-36:20
42            android:name="com.example.project_bank.MainActivity"
42-->src\main\AndroidManifest.xml:29:13-41
43            android:exported="true" >
43-->src\main\AndroidManifest.xml:30:13-36
44            <intent-filter>
44-->src\main\AndroidManifest.xml:31:13-35:29
45                <action android:name="android.intent.action.MAIN" />
45-->src\main\AndroidManifest.xml:32:17-69
45-->src\main\AndroidManifest.xml:32:25-66
46
47                <category android:name="android.intent.category.LAUNCHER" />
47-->src\main\AndroidManifest.xml:34:17-77
47-->src\main\AndroidManifest.xml:34:27-74
48            </intent-filter>
49        </activity>
50
51        <service
51-->[com.google.firebase:firebase-database-ktx:20.2.0] AndroidManifest.xml:11:9-17:19
52            android:name="com.google.firebase.components.ComponentDiscoveryService"
52-->[com.google.firebase:firebase-database-ktx:20.2.0] AndroidManifest.xml:12:13-84
53            android:directBootAware="true"
53-->[com.google.firebase:firebase-common:20.3.2] AndroidManifest.xml:34:13-43
54            android:exported="false" >
54-->[com.google.firebase:firebase-database-ktx:20.2.0] AndroidManifest.xml:13:13-37
55            <meta-data
55-->[com.google.firebase:firebase-database-ktx:20.2.0] AndroidManifest.xml:14:13-16:85
56                android:name="com.google.firebase.components:com.google.firebase.database.ktx.FirebaseDatabaseKtxRegistrar"
56-->[com.google.firebase:firebase-database-ktx:20.2.0] AndroidManifest.xml:15:17-124
57                android:value="com.google.firebase.components.ComponentRegistrar" />
57-->[com.google.firebase:firebase-database-ktx:20.2.0] AndroidManifest.xml:16:17-82
58            <meta-data
58-->[com.google.firebase:firebase-common-ktx:20.3.2] AndroidManifest.xml:14:13-16:85
59                android:name="com.google.firebase.components:com.google.firebase.ktx.FirebaseCommonKtxRegistrar"
59-->[com.google.firebase:firebase-common-ktx:20.3.2] AndroidManifest.xml:15:17-113
60                android:value="com.google.firebase.components.ComponentRegistrar" />
60-->[com.google.firebase:firebase-common-ktx:20.3.2] AndroidManifest.xml:16:17-82
61            <meta-data
61-->[com.google.firebase:firebase-database:20.2.0] AndroidManifest.xml:31:13-33:85
62                android:name="com.google.firebase.components:com.google.firebase.database.DatabaseRegistrar"
62-->[com.google.firebase:firebase-database:20.2.0] AndroidManifest.xml:32:17-109
63                android:value="com.google.firebase.components.ComponentRegistrar" />
63-->[com.google.firebase:firebase-database:20.2.0] AndroidManifest.xml:33:17-82
64        </service>
65
66        <activity
66-->[com.google.android.gms:play-services-base:18.1.0] AndroidManifest.xml:20:9-22:45
67            android:name="com.google.android.gms.common.api.GoogleApiActivity"
67-->[com.google.android.gms:play-services-base:18.1.0] AndroidManifest.xml:20:19-85
68            android:exported="false"
68-->[com.google.android.gms:play-services-base:18.1.0] AndroidManifest.xml:22:19-43
69            android:theme="@android:style/Theme.Translucent.NoTitleBar" />
69-->[com.google.android.gms:play-services-base:18.1.0] AndroidManifest.xml:21:19-78
70
71        <provider
71-->[com.google.firebase:firebase-common:20.3.2] AndroidManifest.xml:25:9-30:39
72            android:name="com.google.firebase.provider.FirebaseInitProvider"
72-->[com.google.firebase:firebase-common:20.3.2] AndroidManifest.xml:26:13-77
73            android:authorities="com.example.project_bank.firebaseinitprovider"
73-->[com.google.firebase:firebase-common:20.3.2] AndroidManifest.xml:27:13-72
74            android:directBootAware="true"
74-->[com.google.firebase:firebase-common:20.3.2] AndroidManifest.xml:28:13-43
75            android:exported="false"
75-->[com.google.firebase:firebase-common:20.3.2] AndroidManifest.xml:29:13-37
76            android:initOrder="100" />
76-->[com.google.firebase:firebase-common:20.3.2] AndroidManifest.xml:30:13-36
77
78        <meta-data
78-->[com.google.android.gms:play-services-basement:18.1.0] AndroidManifest.xml:21:9-23:69
79            android:name="com.google.android.gms.version"
79-->[com.google.android.gms:play-services-basement:18.1.0] AndroidManifest.xml:22:13-58
80            android:value="@integer/google_play_services_version" />
80-->[com.google.android.gms:play-services-basement:18.1.0] AndroidManifest.xml:23:13-66
81
82        <provider
82-->[androidx.emoji2:emoji2:1.2.0] AndroidManifest.xml:24:9-32:20
83            android:name="androidx.startup.InitializationProvider"
83-->[androidx.emoji2:emoji2:1.2.0] AndroidManifest.xml:25:13-67
84            android:authorities="com.example.project_bank.androidx-startup"
84-->[androidx.emoji2:emoji2:1.2.0] AndroidManifest.xml:26:13-68
85            android:exported="false" >
85-->[androidx.emoji2:emoji2:1.2.0] AndroidManifest.xml:27:13-37
86            <meta-data
86-->[androidx.emoji2:emoji2:1.2.0] AndroidManifest.xml:29:13-31:52
87                android:name="androidx.emoji2.text.EmojiCompatInitializer"
87-->[androidx.emoji2:emoji2:1.2.0] AndroidManifest.xml:30:17-75
88                android:value="androidx.startup" />
88-->[androidx.emoji2:emoji2:1.2.0] AndroidManifest.xml:31:17-49
89            <meta-data
89-->[androidx.lifecycle:lifecycle-process:2.4.1] AndroidManifest.xml:31:13-33:52
90                android:name="androidx.lifecycle.ProcessLifecycleInitializer"
90-->[androidx.lifecycle:lifecycle-process:2.4.1] AndroidManifest.xml:32:17-78
91                android:value="androidx.startup" />
91-->[androidx.lifecycle:lifecycle-process:2.4.1] AndroidManifest.xml:33:17-49
92        </provider>
93    </application>
94
95</manifest>